<?xml version="1.0" encoding="UTF-8"?>
<!-- Generated by org.testng.reporters.JUnitReportReporter -->
<testsuite name="FlowDownTermsReview_Main_US.CI_FlowDown_CreateRequest_AddResponse_Test" tests="28" time="520.089" ignored="0" failures="0" timestamp="13 Mar 2021 10:57:48 GMT" skipped="9" hostname="DESKTOP-GAEG9SK" errors="1">
  <testcase name="T9_FlowDown_Y_supp" time="51.059" classname="FlowDownTermsReview_Main_US.CI_FlowDown_CreateRequest_AddResponse_Test"/>
  <testcase name="T22_MinimizeSurveyPopUp" time="0.000" classname="FlowDownTermsReview_Main_US.CI_FlowDown_CreateRequest_AddResponse_Test">
    <skipped/>
  </testcase> <!-- T22_MinimizeSurveyPopUp -->
  <testcase name="T23_add_responses_FlowDown_Yes_Case" time="0.000" classname="FlowDownTermsReview_Main_US.CI_FlowDown_CreateRequest_AddResponse_Test">
    <skipped/>
  </testcase> <!-- T23_add_responses_FlowDown_Yes_Case -->
  <testcase name="T18_FlowDown_N_supp" time="105.385" classname="FlowDownTermsReview_Main_US.CI_FlowDown_CreateRequest_AddResponse_Test"/>
  <testcase name="T17_FlowDown_N_skill_price" time="6.403" classname="FlowDownTermsReview_Main_US.CI_FlowDown_CreateRequest_AddResponse_Test"/>
  <testcase name="T21_OpenRequest_FlowDown_Yes_Case" time="0.000" classname="FlowDownTermsReview_Main_US.CI_FlowDown_CreateRequest_AddResponse_Test">
    <skipped/>
  </testcase> <!-- T21_OpenRequest_FlowDown_Yes_Case -->
  <testcase name="T8_FlowDown_Y_skill_price" time="6.744" classname="FlowDownTermsReview_Main_US.CI_FlowDown_CreateRequest_AddResponse_Test"/>
  <testcase name="T4_FlowDown_Y_select_Requester" time="64.331" classname="FlowDownTermsReview_Main_US.CI_FlowDown_CreateRequest_AddResponse_Test"/>
  <testcase name="T3_FlowDown_Y_Select_ReqType" time="4.970" classname="FlowDownTermsReview_Main_US.CI_FlowDown_CreateRequest_AddResponse_Test"/>
  <testcase name="T14_FlowDown_N_select_jrss" time="9.487" classname="FlowDownTermsReview_Main_US.CI_FlowDown_CreateRequest_AddResponse_Test"/>
  <testcase name="T20_SupplierLogin" time="0.000" classname="FlowDownTermsReview_Main_US.CI_FlowDown_CreateRequest_AddResponse_Test">
    <skipped/>
  </testcase> <!-- T20_SupplierLogin -->
  <testcase name="T13_FlowDown_N_select_Requester" time="34.479" classname="FlowDownTermsReview_Main_US.CI_FlowDown_CreateRequest_AddResponse_Test"/>
  <testcase name="T11_FlowDown_N_Create_Req" time="1.653" classname="FlowDownTermsReview_Main_US.CI_FlowDown_CreateRequest_AddResponse_Test"/>
  <testcase name="T7_FlowDown_Y_skill_loc" time="16.274" classname="FlowDownTermsReview_Main_US.CI_FlowDown_CreateRequest_AddResponse_Test"/>
  <testcase name="T24_SubmitResponses_FlowDown_Yes_Case" time="0.000" classname="FlowDownTermsReview_Main_US.CI_FlowDown_CreateRequest_AddResponse_Test">
    <skipped/>
  </testcase> <!-- T24_SubmitResponses_FlowDown_Yes_Case -->
  <testcase name="T16_FlowDown_N_skill_loc" time="19.685" classname="FlowDownTermsReview_Main_US.CI_FlowDown_CreateRequest_AddResponse_Test"/>
  <testcase name="T5_FlowDown_Y_select_jrss" time="8.938" classname="FlowDownTermsReview_Main_US.CI_FlowDown_CreateRequest_AddResponse_Test"/>
  <testcase name="T1_RIPC_Login" time="44.825" classname="FlowDownTermsReview_Main_US.CI_FlowDown_CreateRequest_AddResponse_Test"/>
  <testcase name="T12_FlowDown_N_Select_ReqType" time="2.739" classname="FlowDownTermsReview_Main_US.CI_FlowDown_CreateRequest_AddResponse_Test"/>
  <testcase name="T10_ClickOnHomePage" time="5.592" classname="FlowDownTermsReview_Main_US.CI_FlowDown_CreateRequest_AddResponse_Test"/>
  <testcase name="T25_MoveToDashBoardPage" time="0.000" classname="FlowDownTermsReview_Main_US.CI_FlowDown_CreateRequest_AddResponse_Test">
    <skipped/>
  </testcase> <!-- T25_MoveToDashBoardPage -->
  <testcase name="T27_add_responses_FlowDown_No_Case" time="0.000" classname="FlowDownTermsReview_Main_US.CI_FlowDown_CreateRequest_AddResponse_Test">
    <skipped/>
  </testcase> <!-- T27_add_responses_FlowDown_No_Case -->
  <testcase name="T28_SubmitResponses_FlowDown_No_Case" time="0.001" classname="FlowDownTermsReview_Main_US.CI_FlowDown_CreateRequest_AddResponse_Test">
    <skipped/>
  </testcase> <!-- T28_SubmitResponses_FlowDown_No_Case -->
  <testcase name="T2_FlowDown_Y_Create_Req" time="4.148" classname="FlowDownTermsReview_Main_US.CI_FlowDown_CreateRequest_AddResponse_Test"/>
  <testcase name="T15_FlowDown_N_req_detail" time="16.505" classname="FlowDownTermsReview_Main_US.CI_FlowDown_CreateRequest_AddResponse_Test"/>
  <testcase name="T26_OpenRequest_FlowDown_No_Case" time="0.000" classname="FlowDownTermsReview_Main_US.CI_FlowDown_CreateRequest_AddResponse_Test">
    <skipped/>
  </testcase> <!-- T26_OpenRequest_FlowDown_No_Case -->
  <testcase name="T6_FlowDown_Y_req_detail" time="16.830" classname="FlowDownTermsReview_Main_US.CI_FlowDown_CreateRequest_AddResponse_Test"/>
  <testcase name="T19_OpenNewGreen" time="100.041" classname="FlowDownTermsReview_Main_US.CI_FlowDown_CreateRequest_AddResponse_Test">
    <error type="org.openqa.selenium.TimeoutException" message="Timeout loading page after 100000ms
Build info: version: &#039;3.141.59&#039;, revision: &#039;e82be7d358&#039;, time: &#039;2018-11-14T08:17:03&#039;
System info: host: &#039;DESKTOP-GAEG9SK&#039;, ip: &#039;9.102.61.204&#039;, os.name: &#039;Windows 10&#039;, os.arch: &#039;amd64&#039;, os.version: &#039;10.0&#039;, java.version: &#039;1.8.0_221&#039;
Driver info: org.openqa.selenium.firefox.FirefoxDriver
Capabilities {acceptInsecureCerts: true, browserName: firefox, browserVersion: 72.0.2, javascriptEnabled: true, moz:accessibilityChecks: false, moz:buildID: 20200117190643, moz:geckodriverVersion: 0.26.0, moz:headless: false, moz:processID: 34620, moz:profile: C:\Users\SanjayKushwaha\App..., moz:shutdownTimeout: 60000, moz:useNonSpecCompliantPointerOrigin: false, moz:webdriverClick: true, pageLoadStrategy: normal, platform: WINDOWS, platformName: WINDOWS, platformVersion: 10.0, rotatable: false, setWindowRect: true, strictFileInteractability: false, timeouts: {implicit: 0, pageLoad: 300000, script: 30000}, unhandledPromptBehavior: dismiss and notify}
Session ID: 9a2cbea7-2b0c-4b69-b017-0d34cbdeb6d5">
      <![CDATA[org.openqa.selenium.TimeoutException: Timeout loading page after 100000ms
Build info: version: '3.141.59', revision: 'e82be7d358', time: '2018-11-14T08:17:03'
System info: host: 'DESKTOP-GAEG9SK', ip: '9.102.61.204', os.name: 'Windows 10', os.arch: 'amd64', os.version: '10.0', java.version: '1.8.0_221'
Driver info: org.openqa.selenium.firefox.FirefoxDriver
Capabilities {acceptInsecureCerts: true, browserName: firefox, browserVersion: 72.0.2, javascriptEnabled: true, moz:accessibilityChecks: false, moz:buildID: 20200117190643, moz:geckodriverVersion: 0.26.0, moz:headless: false, moz:processID: 34620, moz:profile: C:\Users\SanjayKushwaha\App..., moz:shutdownTimeout: 60000, moz:useNonSpecCompliantPointerOrigin: false, moz:webdriverClick: true, pageLoadStrategy: normal, platform: WINDOWS, platformName: WINDOWS, platformVersion: 10.0, rotatable: false, setWindowRect: true, strictFileInteractability: false, timeouts: {implicit: 0, pageLoad: 300000, script: 30000}, unhandledPromptBehavior: dismiss and notify}
Session ID: 9a2cbea7-2b0c-4b69-b017-0d34cbdeb6d5
	at sun.reflect.NativeConstructorAccessorImpl.newInstance0(Native Method)
	at sun.reflect.NativeConstructorAccessorImpl.newInstance(Unknown Source)
	at sun.reflect.DelegatingConstructorAccessorImpl.newInstance(Unknown Source)
	at java.lang.reflect.Constructor.newInstance(Unknown Source)
	at org.openqa.selenium.remote.http.W3CHttpResponseCodec.createException(W3CHttpResponseCodec.java:187)
	at org.openqa.selenium.remote.http.W3CHttpResponseCodec.decode(W3CHttpResponseCodec.java:122)
	at org.openqa.selenium.remote.http.W3CHttpResponseCodec.decode(W3CHttpResponseCodec.java:49)
	at org.openqa.selenium.remote.HttpCommandExecutor.execute(HttpCommandExecutor.java:158)
	at org.openqa.selenium.remote.service.DriverCommandExecutor.execute(DriverCommandExecutor.java:83)
	at org.openqa.selenium.remote.RemoteWebDriver.execute(RemoteWebDriver.java:552)
	at org.openqa.selenium.remote.RemoteWebDriver.get(RemoteWebDriver.java:277)
	at org.openqa.selenium.remote.RemoteWebDriver$RemoteNavigation.to(RemoteWebDriver.java:857)
	at FlowDownTermsReview_Main_US.CI_FlowDown_CreateRequest_AddResponse_Test.T19_OpenNewGreen(CI_FlowDown_CreateRequest_AddResponse_Test.java:202)
	at sun.reflect.NativeMethodAccessorImpl.invoke0(Native Method)
	at sun.reflect.NativeMethodAccessorImpl.invoke(Unknown Source)
	at sun.reflect.DelegatingMethodAccessorImpl.invoke(Unknown Source)
	at java.lang.reflect.Method.invoke(Unknown Source)
	at org.testng.internal.MethodInvocationHelper.invokeMethod(MethodInvocationHelper.java:104)
	at org.testng.internal.Invoker.invokeMethod(Invoker.java:645)
	at org.testng.internal.Invoker.invokeTestMethod(Invoker.java:851)
	at org.testng.internal.Invoker.invokeTestMethods(Invoker.java:1177)
	at org.testng.internal.TestMethodWorker.invokeTestMethods(TestMethodWorker.java:129)
	at org.testng.internal.TestMethodWorker.run(TestMethodWorker.java:112)
	at org.testng.TestRunner.privateRun(TestRunner.java:756)
	at org.testng.TestRunner.run(TestRunner.java:610)
	at org.testng.SuiteRunner.runTest(SuiteRunner.java:387)
	at org.testng.SuiteRunner.access$000(SuiteRunner.java:39)
	at org.testng.SuiteRunner$SuiteWorker.run(SuiteRunner.java:421)
	at org.testng.internal.thread.ThreadUtil$2.call(ThreadUtil.java:64)
	at java.util.concurrent.FutureTask.run(Unknown Source)
	at java.util.concurrent.ThreadPoolExecutor.runWorker(Unknown Source)
	at java.util.concurrent.ThreadPoolExecutor$Worker.run(Unknown Source)
	at java.lang.Thread.run(Unknown Source)
]]>
    </error>
  </testcase> <!-- T19_OpenNewGreen -->
</testsuite> <!-- FlowDownTermsReview_Main_US.CI_FlowDown_CreateRequest_AddResponse_Test -->
