<?xml version="1.0" encoding="UTF-8"?>
<!-- Generated by org.testng.reporters.JUnitReportReporter -->
<testsuite name="rEFERRAL_US_Main.Referral_Req_Creation_Add_Response_Test" tests="13" time="362.064" ignored="0" failures="0" timestamp="09 Apr 2021 08:48:02 GMT" skipped="7" hostname="DESKTOP-GAEG9SK" errors="1">
  <testcase name="T6_req_detail" time="203.505" classname="rEFERRAL_US_Main.Referral_Req_Creation_Add_Response_Test">
    <error type="org.openqa.selenium.TimeoutException" message="Expected condition failed: waiting for visibility of Proxy element for: DefaultElementLocator &#039;By.xpath: .//*[@id=&#039;content-main&#039;]/table[4]/tbody/tr[2]/td[1]/a&#039; (tried for 180 second(s) with 500 milliseconds interval)">
      <![CDATA[org.openqa.selenium.TimeoutException: Expected condition failed: waiting for visibility of Proxy element for: DefaultElementLocator 'By.xpath: .//*[@id='content-main']/table[4]/tbody/tr[2]/td[1]/a' (tried for 180 second(s) with 500 milliseconds interval)
	at org.openqa.selenium.support.ui.WebDriverWait.timeoutException(WebDriverWait.java:95)
	at org.openqa.selenium.support.ui.FluentWait.until(FluentWait.java:272)
	at rEFERRAL_US.Step01_CreateRequest_US.Request_detailpage(Step01_CreateRequest_US.java:326)
	at rEFERRAL_US_Main.Referral_Req_Creation_Add_Response_Test.T6_req_detail(Referral_Req_Creation_Add_Response_Test.java:103)
	at sun.reflect.NativeMethodAccessorImpl.invoke0(Native Method)
	at sun.reflect.NativeMethodAccessorImpl.invoke(Unknown Source)
	at sun.reflect.DelegatingMethodAccessorImpl.invoke(Unknown Source)
	at java.lang.reflect.Method.invoke(Unknown Source)
	at org.testng.internal.MethodInvocationHelper.invokeMethod(MethodInvocationHelper.java:104)
	at org.testng.internal.Invoker.invokeMethod(Invoker.java:645)
	at org.testng.internal.Invoker.invokeTestMethod(Invoker.java:851)
	at org.testng.internal.Invoker.invokeTestMethods(Invoker.java:1177)
	at org.testng.internal.TestMethodWorker.invokeTestMethods(TestMethodWorker.java:129)
	at org.testng.internal.TestMethodWorker.run(TestMethodWorker.java:112)
	at org.testng.TestRunner.privateRun(TestRunner.java:756)
	at org.testng.TestRunner.run(TestRunner.java:610)
	at org.testng.SuiteRunner.runTest(SuiteRunner.java:387)
	at org.testng.SuiteRunner.runSequentially(SuiteRunner.java:382)
	at org.testng.SuiteRunner.privateRun(SuiteRunner.java:340)
	at org.testng.SuiteRunner.run(SuiteRunner.java:289)
	at org.testng.SuiteRunnerWorker.runSuite(SuiteRunnerWorker.java:52)
	at org.testng.SuiteRunnerWorker.run(SuiteRunnerWorker.java:86)
	at org.testng.TestNG.runSuitesSequentially(TestNG.java:1293)
	at org.testng.TestNG.runSuitesLocally(TestNG.java:1218)
	at org.testng.TestNG.runSuites(TestNG.java:1133)
	at org.testng.TestNG.run(TestNG.java:1104)
	at org.testng.remote.AbstractRemoteTestNG.run(AbstractRemoteTestNG.java:132)
	at org.testng.remote.RemoteTestNG.initAndRun(RemoteTestNG.java:236)
	at org.testng.remote.RemoteTestNG.main(RemoteTestNG.java:81)
Caused by: org.openqa.selenium.NoSuchElementException: Unable to locate element: .//*[@id='content-main']/table[4]/tbody/tr[2]/td[1]/a
For documentation on this error, please visit: https://www.seleniumhq.org/exceptions/no_such_element.html
Build info: version: '3.141.59', revision: 'e82be7d358', time: '2018-11-14T08:17:03'
System info: host: 'DESKTOP-GAEG9SK', ip: '9.206.132.212', os.name: 'Windows 10', os.arch: 'amd64', os.version: '10.0', java.version: '1.8.0_221'
Driver info: org.openqa.selenium.firefox.FirefoxDriver
Capabilities {acceptInsecureCerts: true, browserName: firefox, browserVersion: 72.0.2, javascriptEnabled: true, moz:accessibilityChecks: false, moz:buildID: 20200117190643, moz:geckodriverVersion: 0.26.0, moz:headless: false, moz:processID: 5372, moz:profile: C:\Users\SanjayKushwaha\App..., moz:shutdownTimeout: 60000, moz:useNonSpecCompliantPointerOrigin: false, moz:webdriverClick: true, pageLoadStrategy: normal, platform: WINDOWS, platformName: WINDOWS, platformVersion: 10.0, rotatable: false, setWindowRect: true, strictFileInteractability: false, timeouts: {implicit: 0, pageLoad: 300000, script: 30000}, unhandledPromptBehavior: dismiss and notify}
Session ID: 2c4b86fb-d305-440d-8b50-8d7c1570104e
*** Element info: {Using=xpath, value=.//*[@id='content-main']/table[4]/tbody/tr[2]/td[1]/a}
	at sun.reflect.GeneratedConstructorAccessor58.newInstance(Unknown Source)
	at sun.reflect.DelegatingConstructorAccessorImpl.newInstance(Unknown Source)
	at java.lang.reflect.Constructor.newInstance(Unknown Source)
	at org.openqa.selenium.remote.http.W3CHttpResponseCodec.createException(W3CHttpResponseCodec.java:187)
	at org.openqa.selenium.remote.http.W3CHttpResponseCodec.decode(W3CHttpResponseCodec.java:122)
	at org.openqa.selenium.remote.http.W3CHttpResponseCodec.decode(W3CHttpResponseCodec.java:49)
	at org.openqa.selenium.remote.HttpCommandExecutor.execute(HttpCommandExecutor.java:158)
	at org.openqa.selenium.remote.service.DriverCommandExecutor.execute(DriverCommandExecutor.java:83)
	at org.openqa.selenium.remote.RemoteWebDriver.execute(RemoteWebDriver.java:552)
	at org.openqa.selenium.remote.RemoteWebDriver.findElement(RemoteWebDriver.java:323)
	at org.openqa.selenium.remote.RemoteWebDriver.findElementByXPath(RemoteWebDriver.java:428)
	at org.openqa.selenium.By$ByXPath.findElement(By.java:353)
	at org.openqa.selenium.remote.RemoteWebDriver.findElement(RemoteWebDriver.java:315)
	at org.openqa.selenium.support.pagefactory.DefaultElementLocator.findElement(DefaultElementLocator.java:69)
	at org.openqa.selenium.support.pagefactory.internal.LocatingElementHandler.invoke(LocatingElementHandler.java:38)
	at com.sun.proxy.$Proxy9.isDisplayed(Unknown Source)
	at org.openqa.selenium.support.ui.ExpectedConditions.elementIfVisible(ExpectedConditions.java:314)
	at org.openqa.selenium.support.ui.ExpectedConditions.access$000(ExpectedConditions.java:43)
	at org.openqa.selenium.support.ui.ExpectedConditions$10.apply(ExpectedConditions.java:300)
	at org.openqa.selenium.support.ui.ExpectedConditions$10.apply(ExpectedConditions.java:297)
	at org.openqa.selenium.support.ui.FluentWait.until(FluentWait.java:249)
	... 27 more
]]>
    </error>
  </testcase> <!-- T6_req_detail -->
  <testcase name="T5_select_jrss" time="10.282" classname="rEFERRAL_US_Main.Referral_Req_Creation_Add_Response_Test"/>
  <testcase name="T10_candidate_name" time="0.000" classname="rEFERRAL_US_Main.Referral_Req_Creation_Add_Response_Test">
    <skipped/>
  </testcase> <!-- T10_candidate_name -->
  <testcase name="T13_add_response" time="0.000" classname="rEFERRAL_US_Main.Referral_Req_Creation_Add_Response_Test">
    <skipped/>
  </testcase> <!-- T13_add_response -->
  <testcase name="T8_alert_check" time="0.000" classname="rEFERRAL_US_Main.Referral_Req_Creation_Add_Response_Test">
    <skipped/>
  </testcase> <!-- T8_alert_check -->
  <testcase name="T12_OpenNewGreen" time="0.000" classname="rEFERRAL_US_Main.Referral_Req_Creation_Add_Response_Test">
    <skipped/>
  </testcase> <!-- T12_OpenNewGreen -->
  <testcase name="T11_submit" time="0.000" classname="rEFERRAL_US_Main.Referral_Req_Creation_Add_Response_Test">
    <skipped/>
  </testcase> <!-- T11_submit -->
  <testcase name="T1_RIPC_Login" time="129.257" classname="rEFERRAL_US_Main.Referral_Req_Creation_Add_Response_Test"/>
  <testcase name="T2_Create_Req" time="2.329" classname="rEFERRAL_US_Main.Referral_Req_Creation_Add_Response_Test"/>
  <testcase name="T9_skill_price" time="0.000" classname="rEFERRAL_US_Main.Referral_Req_Creation_Add_Response_Test">
    <skipped/>
  </testcase> <!-- T9_skill_price -->
  <testcase name="T3_skill_Req" time="2.420" classname="rEFERRAL_US_Main.Referral_Req_Creation_Add_Response_Test"/>
  <testcase name="T4_select_Req" time="14.271" classname="rEFERRAL_US_Main.Referral_Req_Creation_Add_Response_Test"/>
  <testcase name="T7_skill_loc" time="0.000" classname="rEFERRAL_US_Main.Referral_Req_Creation_Add_Response_Test">
    <skipped/>
  </testcase> <!-- T7_skill_loc -->
</testsuite> <!-- rEFERRAL_US_Main.Referral_Req_Creation_Add_Response_Test -->
