<?xml version="1.0" encoding="UTF-8"?>
<!-- Generated by org.testng.reporters.JUnitReportReporter -->
<testsuite name="expOActions_US_main.CI_Exp_CreateReq_AddResponses_Test" tests="15" time="75.893" ignored="0" failures="0" timestamp="19 Mar 2021 16:54:46 GMT" skipped="14" hostname="DESKTOP-GAEG9SK" errors="1">
  <testcase name="T4_select_Req" time="0.000" classname="expOActions_US_main.CI_Exp_CreateReq_AddResponses_Test">
    <skipped/>
  </testcase> <!-- T4_select_Req -->
  <testcase name="T6_req_detail" time="0.000" classname="expOActions_US_main.CI_Exp_CreateReq_AddResponses_Test">
    <skipped/>
  </testcase> <!-- T6_req_detail -->
  <testcase name="T8_alert_check" time="0.000" classname="expOActions_US_main.CI_Exp_CreateReq_AddResponses_Test">
    <skipped/>
  </testcase> <!-- T8_alert_check -->
  <testcase name="T14_add_response" time="0.000" classname="expOActions_US_main.CI_Exp_CreateReq_AddResponses_Test">
    <skipped/>
  </testcase> <!-- T14_add_response -->
  <testcase name="T15_SubmitResponseToRequester" time="0.000" classname="expOActions_US_main.CI_Exp_CreateReq_AddResponses_Test">
    <skipped/>
  </testcase> <!-- T15_SubmitResponseToRequester -->
  <testcase name="T1_RIPC_Login" time="75.893" classname="expOActions_US_main.CI_Exp_CreateReq_AddResponses_Test">
    <error type="org.openqa.selenium.ElementNotInteractableException" message="Element &lt;form id=&quot;otp&quot; name=&quot;otp&quot;&gt; is not reachable by keyboard
Build info: version: &#039;3.141.59&#039;, revision: &#039;e82be7d358&#039;, time: &#039;2018-11-14T08:17:03&#039;
System info: host: &#039;DESKTOP-GAEG9SK&#039;, ip: &#039;9.206.163.23&#039;, os.name: &#039;Windows 10&#039;, os.arch: &#039;amd64&#039;, os.version: &#039;10.0&#039;, java.version: &#039;1.8.0_221&#039;
Driver info: org.openqa.selenium.firefox.FirefoxDriver
Capabilities {acceptInsecureCerts: true, browserName: firefox, browserVersion: 72.0.2, javascriptEnabled: true, moz:accessibilityChecks: false, moz:buildID: 20200117190643, moz:geckodriverVersion: 0.26.0, moz:headless: false, moz:processID: 22380, moz:profile: C:\Users\SanjayKushwaha\App..., moz:shutdownTimeout: 60000, moz:useNonSpecCompliantPointerOrigin: false, moz:webdriverClick: true, pageLoadStrategy: normal, platform: WINDOWS, platformName: WINDOWS, platformVersion: 10.0, rotatable: false, setWindowRect: true, strictFileInteractability: false, timeouts: {implicit: 0, pageLoad: 300000, script: 30000}, unhandledPromptBehavior: dismiss and notify}
Session ID: 80c23ddd-58e9-4fa5-9e7c-9f40da6d9714">
      <![CDATA[org.openqa.selenium.ElementNotInteractableException: Element <form id="otp" name="otp"> is not reachable by keyboard
Build info: version: '3.141.59', revision: 'e82be7d358', time: '2018-11-14T08:17:03'
System info: host: 'DESKTOP-GAEG9SK', ip: '9.206.163.23', os.name: 'Windows 10', os.arch: 'amd64', os.version: '10.0', java.version: '1.8.0_221'
Driver info: org.openqa.selenium.firefox.FirefoxDriver
Capabilities {acceptInsecureCerts: true, browserName: firefox, browserVersion: 72.0.2, javascriptEnabled: true, moz:accessibilityChecks: false, moz:buildID: 20200117190643, moz:geckodriverVersion: 0.26.0, moz:headless: false, moz:processID: 22380, moz:profile: C:\Users\SanjayKushwaha\App..., moz:shutdownTimeout: 60000, moz:useNonSpecCompliantPointerOrigin: false, moz:webdriverClick: true, pageLoadStrategy: normal, platform: WINDOWS, platformName: WINDOWS, platformVersion: 10.0, rotatable: false, setWindowRect: true, strictFileInteractability: false, timeouts: {implicit: 0, pageLoad: 300000, script: 30000}, unhandledPromptBehavior: dismiss and notify}
Session ID: 80c23ddd-58e9-4fa5-9e7c-9f40da6d9714
	at sun.reflect.NativeConstructorAccessorImpl.newInstance0(Native Method)
	at sun.reflect.NativeConstructorAccessorImpl.newInstance(Unknown Source)
	at sun.reflect.DelegatingConstructorAccessorImpl.newInstance(Unknown Source)
	at java.lang.reflect.Constructor.newInstance(Unknown Source)
	at org.openqa.selenium.remote.http.W3CHttpResponseCodec.createException(W3CHttpResponseCodec.java:187)
	at org.openqa.selenium.remote.http.W3CHttpResponseCodec.decode(W3CHttpResponseCodec.java:122)
	at org.openqa.selenium.remote.http.W3CHttpResponseCodec.decode(W3CHttpResponseCodec.java:49)
	at org.openqa.selenium.remote.HttpCommandExecutor.execute(HttpCommandExecutor.java:158)
	at org.openqa.selenium.remote.service.DriverCommandExecutor.execute(DriverCommandExecutor.java:83)
	at org.openqa.selenium.remote.RemoteWebDriver.execute(RemoteWebDriver.java:552)
	at org.openqa.selenium.remote.RemoteWebElement.execute(RemoteWebElement.java:285)
	at org.openqa.selenium.remote.RemoteWebElement.sendKeys(RemoteWebElement.java:106)
	at sun.reflect.NativeMethodAccessorImpl.invoke0(Native Method)
	at sun.reflect.NativeMethodAccessorImpl.invoke(Unknown Source)
	at sun.reflect.DelegatingMethodAccessorImpl.invoke(Unknown Source)
	at java.lang.reflect.Method.invoke(Unknown Source)
	at org.openqa.selenium.support.pagefactory.internal.LocatingElementHandler.invoke(LocatingElementHandler.java:51)
	at com.sun.proxy.$Proxy10.sendKeys(Unknown Source)
	at expOActions_US.Step01_CreateRequest.login(Step01_CreateRequest.java:177)
	at expOActions_US_main.CI_Exp_CreateReq_AddResponses_Test.T1_RIPC_Login(CI_Exp_CreateReq_AddResponses_Test.java:63)
	at sun.reflect.NativeMethodAccessorImpl.invoke0(Native Method)
	at sun.reflect.NativeMethodAccessorImpl.invoke(Unknown Source)
	at sun.reflect.DelegatingMethodAccessorImpl.invoke(Unknown Source)
	at java.lang.reflect.Method.invoke(Unknown Source)
	at org.testng.internal.MethodInvocationHelper.invokeMethod(MethodInvocationHelper.java:104)
	at org.testng.internal.Invoker.invokeMethod(Invoker.java:645)
	at org.testng.internal.Invoker.invokeTestMethod(Invoker.java:851)
	at org.testng.internal.Invoker.invokeTestMethods(Invoker.java:1177)
	at org.testng.internal.TestMethodWorker.invokeTestMethods(TestMethodWorker.java:129)
	at org.testng.internal.TestMethodWorker.run(TestMethodWorker.java:112)
	at org.testng.TestRunner.privateRun(TestRunner.java:756)
	at org.testng.TestRunner.run(TestRunner.java:610)
	at org.testng.SuiteRunner.runTest(SuiteRunner.java:387)
	at org.testng.SuiteRunner.runSequentially(SuiteRunner.java:382)
	at org.testng.SuiteRunner.privateRun(SuiteRunner.java:340)
	at org.testng.SuiteRunner.run(SuiteRunner.java:289)
	at org.testng.SuiteRunnerWorker.runSuite(SuiteRunnerWorker.java:52)
	at org.testng.SuiteRunnerWorker.run(SuiteRunnerWorker.java:86)
	at org.testng.TestNG.runSuitesSequentially(TestNG.java:1293)
	at org.testng.TestNG.runSuitesLocally(TestNG.java:1218)
	at org.testng.TestNG.runSuites(TestNG.java:1133)
	at org.testng.TestNG.run(TestNG.java:1104)
	at org.testng.remote.AbstractRemoteTestNG.run(AbstractRemoteTestNG.java:132)
	at org.testng.remote.RemoteTestNG.initAndRun(RemoteTestNG.java:236)
	at org.testng.remote.RemoteTestNG.main(RemoteTestNG.java:81)
]]>
    </error>
  </testcase> <!-- T1_RIPC_Login -->
  <testcase name="T12_Login_Green" time="0.000" classname="expOActions_US_main.CI_Exp_CreateReq_AddResponses_Test">
    <skipped/>
  </testcase> <!-- T12_Login_Green -->
  <testcase name="T5_select_jrss" time="0.000" classname="expOActions_US_main.CI_Exp_CreateReq_AddResponses_Test">
    <skipped/>
  </testcase> <!-- T5_select_jrss -->
  <testcase name="T13_OpenRequest" time="0.000" classname="expOActions_US_main.CI_Exp_CreateReq_AddResponses_Test">
    <skipped/>
  </testcase> <!-- T13_OpenRequest -->
  <testcase name="T10_supp" time="0.000" classname="expOActions_US_main.CI_Exp_CreateReq_AddResponses_Test">
    <skipped/>
  </testcase> <!-- T10_supp -->
  <testcase name="T3_skill_Req" time="0.000" classname="expOActions_US_main.CI_Exp_CreateReq_AddResponses_Test">
    <skipped/>
  </testcase> <!-- T3_skill_Req -->
  <testcase name="T11_OpenNewGreenApp" time="0.000" classname="expOActions_US_main.CI_Exp_CreateReq_AddResponses_Test">
    <skipped/>
  </testcase> <!-- T11_OpenNewGreenApp -->
  <testcase name="T7_skill_loc" time="0.000" classname="expOActions_US_main.CI_Exp_CreateReq_AddResponses_Test">
    <skipped/>
  </testcase> <!-- T7_skill_loc -->
  <testcase name="T9_skill_price" time="0.000" classname="expOActions_US_main.CI_Exp_CreateReq_AddResponses_Test">
    <skipped/>
  </testcase> <!-- T9_skill_price -->
  <testcase name="T2_Create_Req" time="0.000" classname="expOActions_US_main.CI_Exp_CreateReq_AddResponses_Test">
    <skipped/>
  </testcase> <!-- T2_Create_Req -->
</testsuite> <!-- expOActions_US_main.CI_Exp_CreateReq_AddResponses_Test -->
