<?xml version="1.0" encoding="UTF-8"?>
<!-- Generated by org.testng.reporters.JUnitReportReporter -->
<testsuite name="fEEDBACK_US_Main.Createreq_Feedback_Submit_Test" tests="15" time="303.840" ignored="0" failures="0" timestamp="09 Apr 2021 09:24:24 GMT" skipped="11" hostname="DESKTOP-GAEG9SK" errors="1">
  <testcase name="T8_alert_check" time="0.000" classname="fEEDBACK_US_Main.Createreq_Feedback_Submit_Test">
    <skipped/>
  </testcase> <!-- T8_alert_check -->
  <testcase name="T4_select_Req" time="183.966" classname="fEEDBACK_US_Main.Createreq_Feedback_Submit_Test">
    <error type="org.openqa.selenium.TimeoutException" message="Expected condition failed: waiting for visibility of Proxy element for: DefaultElementLocator &#039;By.id: FLD_REQST_CO&#039; (tried for 160 second(s) with 500 milliseconds interval)">
      <![CDATA[org.openqa.selenium.TimeoutException: Expected condition failed: waiting for visibility of Proxy element for: DefaultElementLocator 'By.id: FLD_REQST_CO' (tried for 160 second(s) with 500 milliseconds interval)
	at org.openqa.selenium.support.ui.WebDriverWait.timeoutException(WebDriverWait.java:95)
	at org.openqa.selenium.support.ui.FluentWait.until(FluentWait.java:272)
	at fEEDBACK_US.Step01_CreateRequest_US.Select_Requestor(Step01_CreateRequest_US.java:233)
	at fEEDBACK_US_Main.Createreq_Feedback_Submit_Test.T4_select_Req(Createreq_Feedback_Submit_Test.java:95)
	at sun.reflect.NativeMethodAccessorImpl.invoke0(Native Method)
	at sun.reflect.NativeMethodAccessorImpl.invoke(Unknown Source)
	at sun.reflect.DelegatingMethodAccessorImpl.invoke(Unknown Source)
	at java.lang.reflect.Method.invoke(Unknown Source)
	at org.testng.internal.MethodInvocationHelper.invokeMethod(MethodInvocationHelper.java:104)
	at org.testng.internal.Invoker.invokeMethod(Invoker.java:645)
	at org.testng.internal.Invoker.invokeTestMethod(Invoker.java:851)
	at org.testng.internal.Invoker.invokeTestMethods(Invoker.java:1177)
	at org.testng.internal.TestMethodWorker.invokeTestMethods(TestMethodWorker.java:129)
	at org.testng.internal.TestMethodWorker.run(TestMethodWorker.java:112)
	at org.testng.TestRunner.privateRun(TestRunner.java:756)
	at org.testng.TestRunner.run(TestRunner.java:610)
	at org.testng.SuiteRunner.runTest(SuiteRunner.java:387)
	at org.testng.SuiteRunner.runSequentially(SuiteRunner.java:382)
	at org.testng.SuiteRunner.privateRun(SuiteRunner.java:340)
	at org.testng.SuiteRunner.run(SuiteRunner.java:289)
	at org.testng.SuiteRunnerWorker.runSuite(SuiteRunnerWorker.java:52)
	at org.testng.SuiteRunnerWorker.run(SuiteRunnerWorker.java:86)
	at org.testng.TestNG.runSuitesSequentially(TestNG.java:1293)
	at org.testng.TestNG.runSuitesLocally(TestNG.java:1218)
	at org.testng.TestNG.runSuites(TestNG.java:1133)
	at org.testng.TestNG.run(TestNG.java:1104)
	at org.testng.remote.AbstractRemoteTestNG.run(AbstractRemoteTestNG.java:132)
	at org.testng.remote.RemoteTestNG.initAndRun(RemoteTestNG.java:236)
	at org.testng.remote.RemoteTestNG.main(RemoteTestNG.java:81)
Caused by: org.openqa.selenium.NoSuchElementException: Unable to locate element: #FLD_REQST_CO
For documentation on this error, please visit: https://www.seleniumhq.org/exceptions/no_such_element.html
Build info: version: '3.141.59', revision: 'e82be7d358', time: '2018-11-14T08:17:03'
System info: host: 'DESKTOP-GAEG9SK', ip: '9.206.132.212', os.name: 'Windows 10', os.arch: 'amd64', os.version: '10.0', java.version: '1.8.0_221'
Driver info: org.openqa.selenium.firefox.FirefoxDriver
Capabilities {acceptInsecureCerts: true, browserName: firefox, browserVersion: 72.0.2, javascriptEnabled: true, moz:accessibilityChecks: false, moz:buildID: 20200117190643, moz:geckodriverVersion: 0.26.0, moz:headless: false, moz:processID: 288, moz:profile: C:\Users\SanjayKushwaha\App..., moz:shutdownTimeout: 60000, moz:useNonSpecCompliantPointerOrigin: false, moz:webdriverClick: true, pageLoadStrategy: normal, platform: WINDOWS, platformName: WINDOWS, platformVersion: 10.0, rotatable: false, setWindowRect: true, strictFileInteractability: false, timeouts: {implicit: 0, pageLoad: 300000, script: 30000}, unhandledPromptBehavior: dismiss and notify}
Session ID: 98dcb349-d08a-4023-ade6-e2507b54b255
*** Element info: {Using=id, value=FLD_REQST_CO}
	at sun.reflect.NativeConstructorAccessorImpl.newInstance0(Native Method)
	at sun.reflect.NativeConstructorAccessorImpl.newInstance(Unknown Source)
	at sun.reflect.DelegatingConstructorAccessorImpl.newInstance(Unknown Source)
	at java.lang.reflect.Constructor.newInstance(Unknown Source)
	at org.openqa.selenium.remote.http.W3CHttpResponseCodec.createException(W3CHttpResponseCodec.java:187)
	at org.openqa.selenium.remote.http.W3CHttpResponseCodec.decode(W3CHttpResponseCodec.java:122)
	at org.openqa.selenium.remote.http.W3CHttpResponseCodec.decode(W3CHttpResponseCodec.java:49)
	at org.openqa.selenium.remote.HttpCommandExecutor.execute(HttpCommandExecutor.java:158)
	at org.openqa.selenium.remote.service.DriverCommandExecutor.execute(DriverCommandExecutor.java:83)
	at org.openqa.selenium.remote.RemoteWebDriver.execute(RemoteWebDriver.java:552)
	at org.openqa.selenium.remote.RemoteWebDriver.findElement(RemoteWebDriver.java:323)
	at org.openqa.selenium.remote.RemoteWebDriver.findElementById(RemoteWebDriver.java:372)
	at org.openqa.selenium.By$ById.findElement(By.java:188)
	at org.openqa.selenium.remote.RemoteWebDriver.findElement(RemoteWebDriver.java:315)
	at org.openqa.selenium.support.pagefactory.DefaultElementLocator.findElement(DefaultElementLocator.java:69)
	at org.openqa.selenium.support.pagefactory.internal.LocatingElementHandler.invoke(LocatingElementHandler.java:38)
	at com.sun.proxy.$Proxy8.isDisplayed(Unknown Source)
	at org.openqa.selenium.support.ui.ExpectedConditions.elementIfVisible(ExpectedConditions.java:314)
	at org.openqa.selenium.support.ui.ExpectedConditions.access$000(ExpectedConditions.java:43)
	at org.openqa.selenium.support.ui.ExpectedConditions$10.apply(ExpectedConditions.java:300)
	at org.openqa.selenium.support.ui.ExpectedConditions$10.apply(ExpectedConditions.java:297)
	at org.openqa.selenium.support.ui.FluentWait.until(FluentWait.java:249)
	... 27 more
]]>
    </error>
  </testcase> <!-- T4_select_Req -->
  <testcase name="T10_SupllierSelection" time="0.000" classname="fEEDBACK_US_Main.Createreq_Feedback_Submit_Test">
    <skipped/>
  </testcase> <!-- T10_SupllierSelection -->
  <testcase name="T13_supplierlogin" time="0.000" classname="fEEDBACK_US_Main.Createreq_Feedback_Submit_Test">
    <skipped/>
  </testcase> <!-- T13_supplierlogin -->
  <testcase name="T15_Feedback" time="0.000" classname="fEEDBACK_US_Main.Createreq_Feedback_Submit_Test">
    <skipped/>
  </testcase> <!-- T15_Feedback -->
  <testcase name="T2_Create_Req" time="38.841" classname="fEEDBACK_US_Main.Createreq_Feedback_Submit_Test"/>
  <testcase name="T6_req_detail" time="0.000" classname="fEEDBACK_US_Main.Createreq_Feedback_Submit_Test">
    <skipped/>
  </testcase> <!-- T6_req_detail -->
  <testcase name="T11_SubmitReq" time="0.000" classname="fEEDBACK_US_Main.Createreq_Feedback_Submit_Test">
    <skipped/>
  </testcase> <!-- T11_SubmitReq -->
  <testcase name="T1_RIPC_Login" time="75.116" classname="fEEDBACK_US_Main.Createreq_Feedback_Submit_Test"/>
  <testcase name="T14_requestopening" time="0.000" classname="fEEDBACK_US_Main.Createreq_Feedback_Submit_Test">
    <skipped/>
  </testcase> <!-- T14_requestopening -->
  <testcase name="T7_skill_loc" time="0.000" classname="fEEDBACK_US_Main.Createreq_Feedback_Submit_Test">
    <skipped/>
  </testcase> <!-- T7_skill_loc -->
  <testcase name="T5_select_jrss" time="0.000" classname="fEEDBACK_US_Main.Createreq_Feedback_Submit_Test">
    <skipped/>
  </testcase> <!-- T5_select_jrss -->
  <testcase name="T3_skill_Req" time="5.917" classname="fEEDBACK_US_Main.Createreq_Feedback_Submit_Test"/>
  <testcase name="T12_OpenNewGreen" time="0.000" classname="fEEDBACK_US_Main.Createreq_Feedback_Submit_Test">
    <skipped/>
  </testcase> <!-- T12_OpenNewGreen -->
  <testcase name="T9_skill_price" time="0.000" classname="fEEDBACK_US_Main.Createreq_Feedback_Submit_Test">
    <skipped/>
  </testcase> <!-- T9_skill_price -->
</testsuite> <!-- fEEDBACK_US_Main.Createreq_Feedback_Submit_Test -->
