<?xml version="1.0" encoding="UTF-8"?>
<!-- Generated by org.testng.reporters.JUnitReportReporter -->
<testsuite name="expOActions_GB_main.CreateRequest_GB" tests="10" time="357.587" ignored="0" failures="0" timestamp="15 Apr 2019 09:43:32 GMT" skipped="0" hostname="IBM200-PC07QF34" errors="1">
  <testcase name="select_Req" time="72.107" classname="expOActions_GB_main.CreateRequest_GB"/>
  <testcase name="req_detail" time="14.735" classname="expOActions_GB_main.CreateRequest_GB"/>
  <testcase name="Create_Req" time="125.881" classname="expOActions_GB_main.CreateRequest_GB"/>
  <testcase name="select_jrss" time="10.703" classname="expOActions_GB_main.CreateRequest_GB"/>
  <testcase name="RIPC_Login" time="20.190" classname="expOActions_GB_main.CreateRequest_GB"/>
  <testcase name="alert_check" time="0.013" classname="expOActions_GB_main.CreateRequest_GB"/>
  <testcase name="skill_price" time="13.124" classname="expOActions_GB_main.CreateRequest_GB">
    <error type="org.openqa.selenium.NoSuchElementException" message="Cannot locate element with text: 0-1 Year
For documentation on this error, please visit: http://seleniumhq.org/exceptions/no_such_element.html
Build info: version: &#039;3.8.1&#039;, revision: &#039;6e95a6684b&#039;, time: &#039;2017-12-01T19:05:14.666Z&#039;
System info: host: &#039;IBM200-PC07QF34&#039;, ip: &#039;169.254.78.184&#039;, os.name: &#039;Windows 7&#039;, os.arch: &#039;amd64&#039;, os.version: &#039;6.1&#039;, java.version: &#039;1.8.0_111&#039;
Driver info: driver.version: unknown">
      <![CDATA[org.openqa.selenium.NoSuchElementException: Cannot locate element with text: 0-1 Year
For documentation on this error, please visit: http://seleniumhq.org/exceptions/no_such_element.html
Build info: version: '3.8.1', revision: '6e95a6684b', time: '2017-12-01T19:05:14.666Z'
System info: host: 'IBM200-PC07QF34', ip: '169.254.78.184', os.name: 'Windows 7', os.arch: 'amd64', os.version: '6.1', java.version: '1.8.0_111'
Driver info: driver.version: unknown
	at org.openqa.selenium.support.ui.Select.selectByVisibleText(Select.java:151)
	at expOActions_GB.Step01_CreateRequest_GB.Skill_detail_skillpricepage(Step01_CreateRequest_GB.java:298)
	at expOActions_GB_main.CreateRequest_GB.skill_price(CreateRequest_GB.java:127)
	at sun.reflect.NativeMethodAccessorImpl.invoke0(Native Method)
	at sun.reflect.NativeMethodAccessorImpl.invoke(NativeMethodAccessorImpl.java:62)
	at sun.reflect.DelegatingMethodAccessorImpl.invoke(DelegatingMethodAccessorImpl.java:43)
	at java.lang.reflect.Method.invoke(Method.java:498)
	at org.testng.internal.MethodInvocationHelper.invokeMethod(MethodInvocationHelper.java:104)
	at org.testng.internal.Invoker.invokeMethod(Invoker.java:645)
	at org.testng.internal.Invoker.invokeTestMethod(Invoker.java:851)
	at org.testng.internal.Invoker.invokeTestMethods(Invoker.java:1177)
	at org.testng.internal.TestMethodWorker.invokeTestMethods(TestMethodWorker.java:129)
	at org.testng.internal.TestMethodWorker.run(TestMethodWorker.java:112)
	at org.testng.TestRunner.privateRun(TestRunner.java:756)
	at org.testng.TestRunner.run(TestRunner.java:610)
	at org.testng.SuiteRunner.runTest(SuiteRunner.java:387)
	at org.testng.SuiteRunner.runSequentially(SuiteRunner.java:382)
	at org.testng.SuiteRunner.privateRun(SuiteRunner.java:340)
	at org.testng.SuiteRunner.run(SuiteRunner.java:289)
	at org.testng.SuiteRunnerWorker.runSuite(SuiteRunnerWorker.java:52)
	at org.testng.SuiteRunnerWorker.run(SuiteRunnerWorker.java:86)
	at org.testng.TestNG.runSuitesSequentially(TestNG.java:1293)
	at org.testng.TestNG.runSuitesLocally(TestNG.java:1218)
	at org.testng.TestNG.runSuites(TestNG.java:1133)
	at org.testng.TestNG.run(TestNG.java:1104)
	at org.testng.remote.AbstractRemoteTestNG.run(AbstractRemoteTestNG.java:132)
	at org.testng.remote.RemoteTestNG.initAndRun(RemoteTestNG.java:236)
	at org.testng.remote.RemoteTestNG.main(RemoteTestNG.java:81)
]]>
    </error>
  </testcase> <!-- skill_price -->
  <testcase name="skill_Req" time="4.213" classname="expOActions_GB_main.CreateRequest_GB"/>
  <testcase name="supp" time="80.029" classname="expOActions_GB_main.CreateRequest_GB"/>
  <testcase name="skill_loc" time="16.592" classname="expOActions_GB_main.CreateRequest_GB"/>
</testsuite> <!-- expOActions_GB_main.CreateRequest_GB -->
