<html>
<head>
<title>TestNG:  FlowDown</title>
<link href="../testng.css" rel="stylesheet" type="text/css" />
<link href="../my-testng.css" rel="stylesheet" type="text/css" />

<style type="text/css">
.log { display: none;} 
.stack-trace { display: none;} 
</style>
<script type="text/javascript">
<!--
function flip(e) {
  current = e.style.display;
  if (current == 'block') {
    e.style.display = 'none';
    return 0;
  }
  else {
    e.style.display = 'block';
    return 1;
  }
}

function toggleBox(szDivId, elem, msg1, msg2)
{
  var res = -1;  if (document.getElementById) {
    res = flip(document.getElementById(szDivId));
  }
  else if (document.all) {
    // this is the way old msie versions work
    res = flip(document.all[szDivId]);
  }
  if(elem) {
    if(res == 0) elem.innerHTML = msg1; else elem.innerHTML = msg2;
  }

}

function toggleAllBoxes() {
  if (document.getElementsByTagName) {
    d = document.getElementsByTagName('div');
    for (i = 0; i < d.length; i++) {
      if (d[i].className == 'log') {
        flip(d[i]);
      }
    }
  }
}

// -->
</script>

</head>
<body>
<h2 align='center'>FlowDown</h2><table border='1' align="center">
<tr>
<td>Tests passed/Failed/Skipped:</td><td>18/1/9</td>
</tr><tr>
<td>Started on:</td><td>Sat Mar 13 16:18:42 IST 2021</td>
</tr>
<tr><td>Total time:</td><td>545 seconds (545769 ms)</td>
</tr><tr>
<td>Included groups:</td><td></td>
</tr><tr>
<td>Excluded groups:</td><td></td>
</tr>
</table><p/>
<small><i>(Hover the method name to see the test class name)</i></small><p/>
<table width='100%' border='1' class='invocation-failed'>
<tr><td colspan='4' align='center'><b>FAILED TESTS</b></td></tr>
<tr><td><b>Test method</b></td>
<td width="30%"><b>Exception</b></td>
<td width="10%"><b>Time (seconds)</b></td>
<td><b>Instance</b></td>
</tr>
<tr>
<td title='FlowDownTermsReview_Main_US.CI_FlowDown_CreateRequest_AddResponse_Test.T19_OpenNewGreen()'><b>T19_OpenNewGreen</b><br>Test class: FlowDownTermsReview_Main_US.CI_FlowDown_CreateRequest_AddResponse_Test</td>
<td><div><pre>org.openqa.selenium.TimeoutException: Timeout loading page after 100000ms
Build info: version: &apos;3.141.59&apos;, revision: &apos;e82be7d358&apos;, time: &apos;2018-11-14T08:17:03&apos;
System info: host: &apos;DESKTOP-GAEG9SK&apos;, ip: &apos;9.102.61.204&apos;, os.name: &apos;Windows 10&apos;, os.arch: &apos;amd64&apos;, os.version: &apos;10.0&apos;, java.version: &apos;1.8.0_221&apos;
Driver info: org.openqa.selenium.firefox.FirefoxDriver
Capabilities {acceptInsecureCerts: true, browserName: firefox, browserVersion: 72.0.2, javascriptEnabled: true, moz:accessibilityChecks: false, moz:buildID: 20200117190643, moz:geckodriverVersion: 0.26.0, moz:headless: false, moz:processID: 34620, moz:profile: C:\Users\SanjayKushwaha\App..., moz:shutdownTimeout: 60000, moz:useNonSpecCompliantPointerOrigin: false, moz:webdriverClick: true, pageLoadStrategy: normal, platform: WINDOWS, platformName: WINDOWS, platformVersion: 10.0, rotatable: false, setWindowRect: true, strictFileInteractability: false, timeouts: {implicit: 0, pageLoad: 300000, script: 30000}, unhandledPromptBehavior: dismiss and notify}
Session ID: 9a2cbea7-2b0c-4b69-b017-0d34cbdeb6d5
	at org.openqa.selenium.remote.http.W3CHttpResponseCodec.createException(W3CHttpResponseCodec.java:187)
	at org.openqa.selenium.remote.http.W3CHttpResponseCodec.decode(W3CHttpResponseCodec.java:122)
	at org.openqa.selenium.remote.http.W3CHttpResponseCodec.decode(W3CHttpResponseCodec.java:49)
	at org.openqa.selenium.remote.HttpCommandExecutor.execute(HttpCommandExecutor.java:158)
	at org.openqa.selenium.remote.service.DriverCommandExecutor.execute(DriverCommandExecutor.java:83)
	at org.openqa.selenium.remote.RemoteWebDriver.execute(RemoteWebDriver.java:552)
	at org.openqa.selenium.remote.RemoteWebDriver.get(RemoteWebDriver.java:277)
	at org.openqa.selenium.remote.RemoteWebDriver$RemoteNavigation.to(RemoteWebDriver.java:857)
	at FlowDownTermsReview_Main_US.CI_FlowDown_CreateRequest_AddResponse_Test.T19_OpenNewGreen(CI_FlowDown_CreateRequest_AddResponse_Test.java:202)
	at java.util.concurrent.FutureTask.run(Unknown Source)
	at java.util.concurrent.ThreadPoolExecutor.runWorker(Unknown Source)
	at java.util.concurrent.ThreadPoolExecutor$Worker.run(Unknown Source)
	at java.lang.Thread.run(Unknown Source)
... Removed 20 stack frames</pre></div><a href='#' onClick='toggleBox("stack-trace1238445420", this, "Click to show all stack frames", "Click to hide stack frames")'>Click to show all stack frames</a>
<div class='stack-trace' id='stack-trace1238445420'><pre>org.openqa.selenium.TimeoutException: Timeout loading page after 100000ms
Build info: version: &apos;3.141.59&apos;, revision: &apos;e82be7d358&apos;, time: &apos;2018-11-14T08:17:03&apos;
System info: host: &apos;DESKTOP-GAEG9SK&apos;, ip: &apos;9.102.61.204&apos;, os.name: &apos;Windows 10&apos;, os.arch: &apos;amd64&apos;, os.version: &apos;10.0&apos;, java.version: &apos;1.8.0_221&apos;
Driver info: org.openqa.selenium.firefox.FirefoxDriver
Capabilities {acceptInsecureCerts: true, browserName: firefox, browserVersion: 72.0.2, javascriptEnabled: true, moz:accessibilityChecks: false, moz:buildID: 20200117190643, moz:geckodriverVersion: 0.26.0, moz:headless: false, moz:processID: 34620, moz:profile: C:\Users\SanjayKushwaha\App..., moz:shutdownTimeout: 60000, moz:useNonSpecCompliantPointerOrigin: false, moz:webdriverClick: true, pageLoadStrategy: normal, platform: WINDOWS, platformName: WINDOWS, platformVersion: 10.0, rotatable: false, setWindowRect: true, strictFileInteractability: false, timeouts: {implicit: 0, pageLoad: 300000, script: 30000}, unhandledPromptBehavior: dismiss and notify}
Session ID: 9a2cbea7-2b0c-4b69-b017-0d34cbdeb6d5
	at sun.reflect.NativeConstructorAccessorImpl.newInstance0(Native Method)
	at sun.reflect.NativeConstructorAccessorImpl.newInstance(Unknown Source)
	at sun.reflect.DelegatingConstructorAccessorImpl.newInstance(Unknown Source)
	at java.lang.reflect.Constructor.newInstance(Unknown Source)
	at org.openqa.selenium.remote.http.W3CHttpResponseCodec.createException(W3CHttpResponseCodec.java:187)
	at org.openqa.selenium.remote.http.W3CHttpResponseCodec.decode(W3CHttpResponseCodec.java:122)
	at org.openqa.selenium.remote.http.W3CHttpResponseCodec.decode(W3CHttpResponseCodec.java:49)
	at org.openqa.selenium.remote.HttpCommandExecutor.execute(HttpCommandExecutor.java:158)
	at org.openqa.selenium.remote.service.DriverCommandExecutor.execute(DriverCommandExecutor.java:83)
	at org.openqa.selenium.remote.RemoteWebDriver.execute(RemoteWebDriver.java:552)
	at org.openqa.selenium.remote.RemoteWebDriver.get(RemoteWebDriver.java:277)
	at org.openqa.selenium.remote.RemoteWebDriver$RemoteNavigation.to(RemoteWebDriver.java:857)
	at FlowDownTermsReview_Main_US.CI_FlowDown_CreateRequest_AddResponse_Test.T19_OpenNewGreen(CI_FlowDown_CreateRequest_AddResponse_Test.java:202)
	at sun.reflect.NativeMethodAccessorImpl.invoke0(Native Method)
	at sun.reflect.NativeMethodAccessorImpl.invoke(Unknown Source)
	at sun.reflect.DelegatingMethodAccessorImpl.invoke(Unknown Source)
	at java.lang.reflect.Method.invoke(Unknown Source)
	at org.testng.internal.MethodInvocationHelper.invokeMethod(MethodInvocationHelper.java:104)
	at org.testng.internal.Invoker.invokeMethod(Invoker.java:645)
	at org.testng.internal.Invoker.invokeTestMethod(Invoker.java:851)
	at org.testng.internal.Invoker.invokeTestMethods(Invoker.java:1177)
	at org.testng.internal.TestMethodWorker.invokeTestMethods(TestMethodWorker.java:129)
	at org.testng.internal.TestMethodWorker.run(TestMethodWorker.java:112)
	at org.testng.TestRunner.privateRun(TestRunner.java:756)
	at org.testng.TestRunner.run(TestRunner.java:610)
	at org.testng.SuiteRunner.runTest(SuiteRunner.java:387)
	at org.testng.SuiteRunner.access$000(SuiteRunner.java:39)
	at org.testng.SuiteRunner$SuiteWorker.run(SuiteRunner.java:421)
	at org.testng.internal.thread.ThreadUtil$2.call(ThreadUtil.java:64)
	at java.util.concurrent.FutureTask.run(Unknown Source)
	at java.util.concurrent.ThreadPoolExecutor.runWorker(Unknown Source)
	at java.util.concurrent.ThreadPoolExecutor$Worker.run(Unknown Source)
	at java.lang.Thread.run(Unknown Source)
</pre></div></td>
<td>100</td>
<td>FlowDownTermsReview_Main_US.CI_FlowDown_CreateRequest_AddResponse_Test@5cb9f472</td></tr>
</table><p>
<table width='100%' border='1' class='invocation-passed'>
<tr><td colspan='4' align='center'><b>PASSED TESTS</b></td></tr>
<tr><td><b>Test method</b></td>
<td width="30%"><b>Exception</b></td>
<td width="10%"><b>Time (seconds)</b></td>
<td><b>Instance</b></td>
</tr>
<tr>
<td title='FlowDownTermsReview_Main_US.CI_FlowDown_CreateRequest_AddResponse_Test.T10_ClickOnHomePage()'><b>T10_ClickOnHomePage</b><br>Test class: FlowDownTermsReview_Main_US.CI_FlowDown_CreateRequest_AddResponse_Test</td>
<td></td>
<td>5</td>
<td>FlowDownTermsReview_Main_US.CI_FlowDown_CreateRequest_AddResponse_Test@5cb9f472</td></tr>
<tr>
<td title='FlowDownTermsReview_Main_US.CI_FlowDown_CreateRequest_AddResponse_Test.T11_FlowDown_N_Create_Req()'><b>T11_FlowDown_N_Create_Req</b><br>Test class: FlowDownTermsReview_Main_US.CI_FlowDown_CreateRequest_AddResponse_Test</td>
<td></td>
<td>1</td>
<td>FlowDownTermsReview_Main_US.CI_FlowDown_CreateRequest_AddResponse_Test@5cb9f472</td></tr>
<tr>
<td title='FlowDownTermsReview_Main_US.CI_FlowDown_CreateRequest_AddResponse_Test.T12_FlowDown_N_Select_ReqType()'><b>T12_FlowDown_N_Select_ReqType</b><br>Test class: FlowDownTermsReview_Main_US.CI_FlowDown_CreateRequest_AddResponse_Test</td>
<td></td>
<td>2</td>
<td>FlowDownTermsReview_Main_US.CI_FlowDown_CreateRequest_AddResponse_Test@5cb9f472</td></tr>
<tr>
<td title='FlowDownTermsReview_Main_US.CI_FlowDown_CreateRequest_AddResponse_Test.T13_FlowDown_N_select_Requester()'><b>T13_FlowDown_N_select_Requester</b><br>Test class: FlowDownTermsReview_Main_US.CI_FlowDown_CreateRequest_AddResponse_Test</td>
<td></td>
<td>34</td>
<td>FlowDownTermsReview_Main_US.CI_FlowDown_CreateRequest_AddResponse_Test@5cb9f472</td></tr>
<tr>
<td title='FlowDownTermsReview_Main_US.CI_FlowDown_CreateRequest_AddResponse_Test.T14_FlowDown_N_select_jrss()'><b>T14_FlowDown_N_select_jrss</b><br>Test class: FlowDownTermsReview_Main_US.CI_FlowDown_CreateRequest_AddResponse_Test</td>
<td></td>
<td>9</td>
<td>FlowDownTermsReview_Main_US.CI_FlowDown_CreateRequest_AddResponse_Test@5cb9f472</td></tr>
<tr>
<td title='FlowDownTermsReview_Main_US.CI_FlowDown_CreateRequest_AddResponse_Test.T15_FlowDown_N_req_detail()'><b>T15_FlowDown_N_req_detail</b><br>Test class: FlowDownTermsReview_Main_US.CI_FlowDown_CreateRequest_AddResponse_Test</td>
<td></td>
<td>16</td>
<td>FlowDownTermsReview_Main_US.CI_FlowDown_CreateRequest_AddResponse_Test@5cb9f472</td></tr>
<tr>
<td title='FlowDownTermsReview_Main_US.CI_FlowDown_CreateRequest_AddResponse_Test.T16_FlowDown_N_skill_loc()'><b>T16_FlowDown_N_skill_loc</b><br>Test class: FlowDownTermsReview_Main_US.CI_FlowDown_CreateRequest_AddResponse_Test</td>
<td></td>
<td>19</td>
<td>FlowDownTermsReview_Main_US.CI_FlowDown_CreateRequest_AddResponse_Test@5cb9f472</td></tr>
<tr>
<td title='FlowDownTermsReview_Main_US.CI_FlowDown_CreateRequest_AddResponse_Test.T17_FlowDown_N_skill_price()'><b>T17_FlowDown_N_skill_price</b><br>Test class: FlowDownTermsReview_Main_US.CI_FlowDown_CreateRequest_AddResponse_Test</td>
<td></td>
<td>6</td>
<td>FlowDownTermsReview_Main_US.CI_FlowDown_CreateRequest_AddResponse_Test@5cb9f472</td></tr>
<tr>
<td title='FlowDownTermsReview_Main_US.CI_FlowDown_CreateRequest_AddResponse_Test.T18_FlowDown_N_supp()'><b>T18_FlowDown_N_supp</b><br>Test class: FlowDownTermsReview_Main_US.CI_FlowDown_CreateRequest_AddResponse_Test</td>
<td></td>
<td>105</td>
<td>FlowDownTermsReview_Main_US.CI_FlowDown_CreateRequest_AddResponse_Test@5cb9f472</td></tr>
<tr>
<td title='FlowDownTermsReview_Main_US.CI_FlowDown_CreateRequest_AddResponse_Test.T1_RIPC_Login()'><b>T1_RIPC_Login</b><br>Test class: FlowDownTermsReview_Main_US.CI_FlowDown_CreateRequest_AddResponse_Test</td>
<td></td>
<td>44</td>
<td>FlowDownTermsReview_Main_US.CI_FlowDown_CreateRequest_AddResponse_Test@5cb9f472</td></tr>
<tr>
<td title='FlowDownTermsReview_Main_US.CI_FlowDown_CreateRequest_AddResponse_Test.T2_FlowDown_Y_Create_Req()'><b>T2_FlowDown_Y_Create_Req</b><br>Test class: FlowDownTermsReview_Main_US.CI_FlowDown_CreateRequest_AddResponse_Test</td>
<td></td>
<td>4</td>
<td>FlowDownTermsReview_Main_US.CI_FlowDown_CreateRequest_AddResponse_Test@5cb9f472</td></tr>
<tr>
<td title='FlowDownTermsReview_Main_US.CI_FlowDown_CreateRequest_AddResponse_Test.T3_FlowDown_Y_Select_ReqType()'><b>T3_FlowDown_Y_Select_ReqType</b><br>Test class: FlowDownTermsReview_Main_US.CI_FlowDown_CreateRequest_AddResponse_Test</td>
<td></td>
<td>4</td>
<td>FlowDownTermsReview_Main_US.CI_FlowDown_CreateRequest_AddResponse_Test@5cb9f472</td></tr>
<tr>
<td title='FlowDownTermsReview_Main_US.CI_FlowDown_CreateRequest_AddResponse_Test.T4_FlowDown_Y_select_Requester()'><b>T4_FlowDown_Y_select_Requester</b><br>Test class: FlowDownTermsReview_Main_US.CI_FlowDown_CreateRequest_AddResponse_Test</td>
<td></td>
<td>64</td>
<td>FlowDownTermsReview_Main_US.CI_FlowDown_CreateRequest_AddResponse_Test@5cb9f472</td></tr>
<tr>
<td title='FlowDownTermsReview_Main_US.CI_FlowDown_CreateRequest_AddResponse_Test.T5_FlowDown_Y_select_jrss()'><b>T5_FlowDown_Y_select_jrss</b><br>Test class: FlowDownTermsReview_Main_US.CI_FlowDown_CreateRequest_AddResponse_Test</td>
<td></td>
<td>8</td>
<td>FlowDownTermsReview_Main_US.CI_FlowDown_CreateRequest_AddResponse_Test@5cb9f472</td></tr>
<tr>
<td title='FlowDownTermsReview_Main_US.CI_FlowDown_CreateRequest_AddResponse_Test.T6_FlowDown_Y_req_detail()'><b>T6_FlowDown_Y_req_detail</b><br>Test class: FlowDownTermsReview_Main_US.CI_FlowDown_CreateRequest_AddResponse_Test</td>
<td></td>
<td>16</td>
<td>FlowDownTermsReview_Main_US.CI_FlowDown_CreateRequest_AddResponse_Test@5cb9f472</td></tr>
<tr>
<td title='FlowDownTermsReview_Main_US.CI_FlowDown_CreateRequest_AddResponse_Test.T7_FlowDown_Y_skill_loc()'><b>T7_FlowDown_Y_skill_loc</b><br>Test class: FlowDownTermsReview_Main_US.CI_FlowDown_CreateRequest_AddResponse_Test</td>
<td></td>
<td>16</td>
<td>FlowDownTermsReview_Main_US.CI_FlowDown_CreateRequest_AddResponse_Test@5cb9f472</td></tr>
<tr>
<td title='FlowDownTermsReview_Main_US.CI_FlowDown_CreateRequest_AddResponse_Test.T8_FlowDown_Y_skill_price()'><b>T8_FlowDown_Y_skill_price</b><br>Test class: FlowDownTermsReview_Main_US.CI_FlowDown_CreateRequest_AddResponse_Test</td>
<td></td>
<td>6</td>
<td>FlowDownTermsReview_Main_US.CI_FlowDown_CreateRequest_AddResponse_Test@5cb9f472</td></tr>
<tr>
<td title='FlowDownTermsReview_Main_US.CI_FlowDown_CreateRequest_AddResponse_Test.T9_FlowDown_Y_supp()'><b>T9_FlowDown_Y_supp</b><br>Test class: FlowDownTermsReview_Main_US.CI_FlowDown_CreateRequest_AddResponse_Test</td>
<td></td>
<td>51</td>
<td>FlowDownTermsReview_Main_US.CI_FlowDown_CreateRequest_AddResponse_Test@5cb9f472</td></tr>
</table><p>
<table width='100%' border='1' class='invocation-skipped'>
<tr><td colspan='4' align='center'><b>SKIPPED TESTS</b></td></tr>
<tr><td><b>Test method</b></td>
<td width="30%"><b>Exception</b></td>
<td width="10%"><b>Time (seconds)</b></td>
<td><b>Instance</b></td>
</tr>
<tr>
<td title='FlowDownTermsReview_Main_US.CI_FlowDown_CreateRequest_AddResponse_Test.T20_SupplierLogin()'><b>T20_SupplierLogin</b><br>Test class: FlowDownTermsReview_Main_US.CI_FlowDown_CreateRequest_AddResponse_Test</td>
<td><div><pre>java.lang.Throwable: Method CI_FlowDown_CreateRequest_AddResponse_Test.T20_SupplierLogin()[pri:0, instance:FlowDownTermsReview_Main_US.CI_FlowDown_CreateRequest_AddResponse_Test@5cb9f472] depends on not successfully finished methods
	at java.util.concurrent.FutureTask.run(Unknown Source)
	at java.util.concurrent.ThreadPoolExecutor.runWorker(Unknown Source)
	at java.util.concurrent.ThreadPoolExecutor$Worker.run(Unknown Source)
	at java.lang.Thread.run(Unknown Source)
... Removed 9 stack frames</pre></div><a href='#' onClick='toggleBox("stack-trace16641577", this, "Click to show all stack frames", "Click to hide stack frames")'>Click to show all stack frames</a>
<div class='stack-trace' id='stack-trace16641577'><pre>java.lang.Throwable: Method CI_FlowDown_CreateRequest_AddResponse_Test.T20_SupplierLogin()[pri:0, instance:FlowDownTermsReview_Main_US.CI_FlowDown_CreateRequest_AddResponse_Test@5cb9f472] depends on not successfully finished methods
	at org.testng.internal.Invoker.invokeTestMethods(Invoker.java:1068)
	at org.testng.internal.TestMethodWorker.invokeTestMethods(TestMethodWorker.java:129)
	at org.testng.internal.TestMethodWorker.run(TestMethodWorker.java:112)
	at org.testng.TestRunner.privateRun(TestRunner.java:756)
	at org.testng.TestRunner.run(TestRunner.java:610)
	at org.testng.SuiteRunner.runTest(SuiteRunner.java:387)
	at org.testng.SuiteRunner.access$000(SuiteRunner.java:39)
	at org.testng.SuiteRunner$SuiteWorker.run(SuiteRunner.java:421)
	at org.testng.internal.thread.ThreadUtil$2.call(ThreadUtil.java:64)
	at java.util.concurrent.FutureTask.run(Unknown Source)
	at java.util.concurrent.ThreadPoolExecutor.runWorker(Unknown Source)
	at java.util.concurrent.ThreadPoolExecutor$Worker.run(Unknown Source)
	at java.lang.Thread.run(Unknown Source)
</pre></div></td>
<td>0</td>
<td>null</td></tr>
<tr>
<td title='FlowDownTermsReview_Main_US.CI_FlowDown_CreateRequest_AddResponse_Test.T21_OpenRequest_FlowDown_Yes_Case()'><b>T21_OpenRequest_FlowDown_Yes_Case</b><br>Test class: FlowDownTermsReview_Main_US.CI_FlowDown_CreateRequest_AddResponse_Test</td>
<td><div><pre>java.lang.Throwable: Method CI_FlowDown_CreateRequest_AddResponse_Test.T21_OpenRequest_FlowDown_Yes_Case()[pri:0, instance:FlowDownTermsReview_Main_US.CI_FlowDown_CreateRequest_AddResponse_Test@5cb9f472] depends on not successfully finished methods
	at java.util.concurrent.FutureTask.run(Unknown Source)
	at java.util.concurrent.ThreadPoolExecutor.runWorker(Unknown Source)
	at java.util.concurrent.ThreadPoolExecutor$Worker.run(Unknown Source)
	at java.lang.Thread.run(Unknown Source)
... Removed 9 stack frames</pre></div><a href='#' onClick='toggleBox("stack-trace1457311253", this, "Click to show all stack frames", "Click to hide stack frames")'>Click to show all stack frames</a>
<div class='stack-trace' id='stack-trace1457311253'><pre>java.lang.Throwable: Method CI_FlowDown_CreateRequest_AddResponse_Test.T21_OpenRequest_FlowDown_Yes_Case()[pri:0, instance:FlowDownTermsReview_Main_US.CI_FlowDown_CreateRequest_AddResponse_Test@5cb9f472] depends on not successfully finished methods
	at org.testng.internal.Invoker.invokeTestMethods(Invoker.java:1068)
	at org.testng.internal.TestMethodWorker.invokeTestMethods(TestMethodWorker.java:129)
	at org.testng.internal.TestMethodWorker.run(TestMethodWorker.java:112)
	at org.testng.TestRunner.privateRun(TestRunner.java:756)
	at org.testng.TestRunner.run(TestRunner.java:610)
	at org.testng.SuiteRunner.runTest(SuiteRunner.java:387)
	at org.testng.SuiteRunner.access$000(SuiteRunner.java:39)
	at org.testng.SuiteRunner$SuiteWorker.run(SuiteRunner.java:421)
	at org.testng.internal.thread.ThreadUtil$2.call(ThreadUtil.java:64)
	at java.util.concurrent.FutureTask.run(Unknown Source)
	at java.util.concurrent.ThreadPoolExecutor.runWorker(Unknown Source)
	at java.util.concurrent.ThreadPoolExecutor$Worker.run(Unknown Source)
	at java.lang.Thread.run(Unknown Source)
</pre></div></td>
<td>0</td>
<td>null</td></tr>
<tr>
<td title='FlowDownTermsReview_Main_US.CI_FlowDown_CreateRequest_AddResponse_Test.T22_MinimizeSurveyPopUp()'><b>T22_MinimizeSurveyPopUp</b><br>Test class: FlowDownTermsReview_Main_US.CI_FlowDown_CreateRequest_AddResponse_Test</td>
<td><div><pre>java.lang.Throwable: Method CI_FlowDown_CreateRequest_AddResponse_Test.T22_MinimizeSurveyPopUp()[pri:0, instance:FlowDownTermsReview_Main_US.CI_FlowDown_CreateRequest_AddResponse_Test@5cb9f472] depends on not successfully finished methods
	at java.util.concurrent.FutureTask.run(Unknown Source)
	at java.util.concurrent.ThreadPoolExecutor.runWorker(Unknown Source)
	at java.util.concurrent.ThreadPoolExecutor$Worker.run(Unknown Source)
	at java.lang.Thread.run(Unknown Source)
... Removed 9 stack frames</pre></div><a href='#' onClick='toggleBox("stack-trace465608450", this, "Click to show all stack frames", "Click to hide stack frames")'>Click to show all stack frames</a>
<div class='stack-trace' id='stack-trace465608450'><pre>java.lang.Throwable: Method CI_FlowDown_CreateRequest_AddResponse_Test.T22_MinimizeSurveyPopUp()[pri:0, instance:FlowDownTermsReview_Main_US.CI_FlowDown_CreateRequest_AddResponse_Test@5cb9f472] depends on not successfully finished methods
	at org.testng.internal.Invoker.invokeTestMethods(Invoker.java:1068)
	at org.testng.internal.TestMethodWorker.invokeTestMethods(TestMethodWorker.java:129)
	at org.testng.internal.TestMethodWorker.run(TestMethodWorker.java:112)
	at org.testng.TestRunner.privateRun(TestRunner.java:756)
	at org.testng.TestRunner.run(TestRunner.java:610)
	at org.testng.SuiteRunner.runTest(SuiteRunner.java:387)
	at org.testng.SuiteRunner.access$000(SuiteRunner.java:39)
	at org.testng.SuiteRunner$SuiteWorker.run(SuiteRunner.java:421)
	at org.testng.internal.thread.ThreadUtil$2.call(ThreadUtil.java:64)
	at java.util.concurrent.FutureTask.run(Unknown Source)
	at java.util.concurrent.ThreadPoolExecutor.runWorker(Unknown Source)
	at java.util.concurrent.ThreadPoolExecutor$Worker.run(Unknown Source)
	at java.lang.Thread.run(Unknown Source)
</pre></div></td>
<td>0</td>
<td>null</td></tr>
<tr>
<td title='FlowDownTermsReview_Main_US.CI_FlowDown_CreateRequest_AddResponse_Test.T23_add_responses_FlowDown_Yes_Case()'><b>T23_add_responses_FlowDown_Yes_Case</b><br>Test class: FlowDownTermsReview_Main_US.CI_FlowDown_CreateRequest_AddResponse_Test</td>
<td><div><pre>java.lang.Throwable: Method CI_FlowDown_CreateRequest_AddResponse_Test.T23_add_responses_FlowDown_Yes_Case()[pri:0, instance:FlowDownTermsReview_Main_US.CI_FlowDown_CreateRequest_AddResponse_Test@5cb9f472] depends on not successfully finished methods
	at java.util.concurrent.FutureTask.run(Unknown Source)
	at java.util.concurrent.ThreadPoolExecutor.runWorker(Unknown Source)
	at java.util.concurrent.ThreadPoolExecutor$Worker.run(Unknown Source)
	at java.lang.Thread.run(Unknown Source)
... Removed 9 stack frames</pre></div><a href='#' onClick='toggleBox("stack-trace201462593", this, "Click to show all stack frames", "Click to hide stack frames")'>Click to show all stack frames</a>
<div class='stack-trace' id='stack-trace201462593'><pre>java.lang.Throwable: Method CI_FlowDown_CreateRequest_AddResponse_Test.T23_add_responses_FlowDown_Yes_Case()[pri:0, instance:FlowDownTermsReview_Main_US.CI_FlowDown_CreateRequest_AddResponse_Test@5cb9f472] depends on not successfully finished methods
	at org.testng.internal.Invoker.invokeTestMethods(Invoker.java:1068)
	at org.testng.internal.TestMethodWorker.invokeTestMethods(TestMethodWorker.java:129)
	at org.testng.internal.TestMethodWorker.run(TestMethodWorker.java:112)
	at org.testng.TestRunner.privateRun(TestRunner.java:756)
	at org.testng.TestRunner.run(TestRunner.java:610)
	at org.testng.SuiteRunner.runTest(SuiteRunner.java:387)
	at org.testng.SuiteRunner.access$000(SuiteRunner.java:39)
	at org.testng.SuiteRunner$SuiteWorker.run(SuiteRunner.java:421)
	at org.testng.internal.thread.ThreadUtil$2.call(ThreadUtil.java:64)
	at java.util.concurrent.FutureTask.run(Unknown Source)
	at java.util.concurrent.ThreadPoolExecutor.runWorker(Unknown Source)
	at java.util.concurrent.ThreadPoolExecutor$Worker.run(Unknown Source)
	at java.lang.Thread.run(Unknown Source)
</pre></div></td>
<td>0</td>
<td>null</td></tr>
<tr>
<td title='FlowDownTermsReview_Main_US.CI_FlowDown_CreateRequest_AddResponse_Test.T24_SubmitResponses_FlowDown_Yes_Case()'><b>T24_SubmitResponses_FlowDown_Yes_Case</b><br>Test class: FlowDownTermsReview_Main_US.CI_FlowDown_CreateRequest_AddResponse_Test</td>
<td><div><pre>java.lang.Throwable: Method CI_FlowDown_CreateRequest_AddResponse_Test.T24_SubmitResponses_FlowDown_Yes_Case()[pri:0, instance:FlowDownTermsReview_Main_US.CI_FlowDown_CreateRequest_AddResponse_Test@5cb9f472] depends on not successfully finished methods
	at java.util.concurrent.FutureTask.run(Unknown Source)
	at java.util.concurrent.ThreadPoolExecutor.runWorker(Unknown Source)
	at java.util.concurrent.ThreadPoolExecutor$Worker.run(Unknown Source)
	at java.lang.Thread.run(Unknown Source)
... Removed 9 stack frames</pre></div><a href='#' onClick='toggleBox("stack-trace2050433300", this, "Click to show all stack frames", "Click to hide stack frames")'>Click to show all stack frames</a>
<div class='stack-trace' id='stack-trace2050433300'><pre>java.lang.Throwable: Method CI_FlowDown_CreateRequest_AddResponse_Test.T24_SubmitResponses_FlowDown_Yes_Case()[pri:0, instance:FlowDownTermsReview_Main_US.CI_FlowDown_CreateRequest_AddResponse_Test@5cb9f472] depends on not successfully finished methods
	at org.testng.internal.Invoker.invokeTestMethods(Invoker.java:1068)
	at org.testng.internal.TestMethodWorker.invokeTestMethods(TestMethodWorker.java:129)
	at org.testng.internal.TestMethodWorker.run(TestMethodWorker.java:112)
	at org.testng.TestRunner.privateRun(TestRunner.java:756)
	at org.testng.TestRunner.run(TestRunner.java:610)
	at org.testng.SuiteRunner.runTest(SuiteRunner.java:387)
	at org.testng.SuiteRunner.access$000(SuiteRunner.java:39)
	at org.testng.SuiteRunner$SuiteWorker.run(SuiteRunner.java:421)
	at org.testng.internal.thread.ThreadUtil$2.call(ThreadUtil.java:64)
	at java.util.concurrent.FutureTask.run(Unknown Source)
	at java.util.concurrent.ThreadPoolExecutor.runWorker(Unknown Source)
	at java.util.concurrent.ThreadPoolExecutor$Worker.run(Unknown Source)
	at java.lang.Thread.run(Unknown Source)
</pre></div></td>
<td>0</td>
<td>null</td></tr>
<tr>
<td title='FlowDownTermsReview_Main_US.CI_FlowDown_CreateRequest_AddResponse_Test.T25_MoveToDashBoardPage()'><b>T25_MoveToDashBoardPage</b><br>Test class: FlowDownTermsReview_Main_US.CI_FlowDown_CreateRequest_AddResponse_Test</td>
<td><div><pre>java.lang.Throwable: Method CI_FlowDown_CreateRequest_AddResponse_Test.T25_MoveToDashBoardPage()[pri:0, instance:FlowDownTermsReview_Main_US.CI_FlowDown_CreateRequest_AddResponse_Test@5cb9f472] depends on not successfully finished methods
	at java.util.concurrent.FutureTask.run(Unknown Source)
	at java.util.concurrent.ThreadPoolExecutor.runWorker(Unknown Source)
	at java.util.concurrent.ThreadPoolExecutor$Worker.run(Unknown Source)
	at java.lang.Thread.run(Unknown Source)
... Removed 9 stack frames</pre></div><a href='#' onClick='toggleBox("stack-trace747800189", this, "Click to show all stack frames", "Click to hide stack frames")'>Click to show all stack frames</a>
<div class='stack-trace' id='stack-trace747800189'><pre>java.lang.Throwable: Method CI_FlowDown_CreateRequest_AddResponse_Test.T25_MoveToDashBoardPage()[pri:0, instance:FlowDownTermsReview_Main_US.CI_FlowDown_CreateRequest_AddResponse_Test@5cb9f472] depends on not successfully finished methods
	at org.testng.internal.Invoker.invokeTestMethods(Invoker.java:1068)
	at org.testng.internal.TestMethodWorker.invokeTestMethods(TestMethodWorker.java:129)
	at org.testng.internal.TestMethodWorker.run(TestMethodWorker.java:112)
	at org.testng.TestRunner.privateRun(TestRunner.java:756)
	at org.testng.TestRunner.run(TestRunner.java:610)
	at org.testng.SuiteRunner.runTest(SuiteRunner.java:387)
	at org.testng.SuiteRunner.access$000(SuiteRunner.java:39)
	at org.testng.SuiteRunner$SuiteWorker.run(SuiteRunner.java:421)
	at org.testng.internal.thread.ThreadUtil$2.call(ThreadUtil.java:64)
	at java.util.concurrent.FutureTask.run(Unknown Source)
	at java.util.concurrent.ThreadPoolExecutor.runWorker(Unknown Source)
	at java.util.concurrent.ThreadPoolExecutor$Worker.run(Unknown Source)
	at java.lang.Thread.run(Unknown Source)
</pre></div></td>
<td>0</td>
<td>null</td></tr>
<tr>
<td title='FlowDownTermsReview_Main_US.CI_FlowDown_CreateRequest_AddResponse_Test.T26_OpenRequest_FlowDown_No_Case()'><b>T26_OpenRequest_FlowDown_No_Case</b><br>Test class: FlowDownTermsReview_Main_US.CI_FlowDown_CreateRequest_AddResponse_Test</td>
<td><div><pre>java.lang.Throwable: Method CI_FlowDown_CreateRequest_AddResponse_Test.T26_OpenRequest_FlowDown_No_Case()[pri:0, instance:FlowDownTermsReview_Main_US.CI_FlowDown_CreateRequest_AddResponse_Test@5cb9f472] depends on not successfully finished methods
	at java.util.concurrent.FutureTask.run(Unknown Source)
	at java.util.concurrent.ThreadPoolExecutor.runWorker(Unknown Source)
	at java.util.concurrent.ThreadPoolExecutor$Worker.run(Unknown Source)
	at java.lang.Thread.run(Unknown Source)
... Removed 9 stack frames</pre></div><a href='#' onClick='toggleBox("stack-trace240035637", this, "Click to show all stack frames", "Click to hide stack frames")'>Click to show all stack frames</a>
<div class='stack-trace' id='stack-trace240035637'><pre>java.lang.Throwable: Method CI_FlowDown_CreateRequest_AddResponse_Test.T26_OpenRequest_FlowDown_No_Case()[pri:0, instance:FlowDownTermsReview_Main_US.CI_FlowDown_CreateRequest_AddResponse_Test@5cb9f472] depends on not successfully finished methods
	at org.testng.internal.Invoker.invokeTestMethods(Invoker.java:1068)
	at org.testng.internal.TestMethodWorker.invokeTestMethods(TestMethodWorker.java:129)
	at org.testng.internal.TestMethodWorker.run(TestMethodWorker.java:112)
	at org.testng.TestRunner.privateRun(TestRunner.java:756)
	at org.testng.TestRunner.run(TestRunner.java:610)
	at org.testng.SuiteRunner.runTest(SuiteRunner.java:387)
	at org.testng.SuiteRunner.access$000(SuiteRunner.java:39)
	at org.testng.SuiteRunner$SuiteWorker.run(SuiteRunner.java:421)
	at org.testng.internal.thread.ThreadUtil$2.call(ThreadUtil.java:64)
	at java.util.concurrent.FutureTask.run(Unknown Source)
	at java.util.concurrent.ThreadPoolExecutor.runWorker(Unknown Source)
	at java.util.concurrent.ThreadPoolExecutor$Worker.run(Unknown Source)
	at java.lang.Thread.run(Unknown Source)
</pre></div></td>
<td>0</td>
<td>null</td></tr>
<tr>
<td title='FlowDownTermsReview_Main_US.CI_FlowDown_CreateRequest_AddResponse_Test.T27_add_responses_FlowDown_No_Case()'><b>T27_add_responses_FlowDown_No_Case</b><br>Test class: FlowDownTermsReview_Main_US.CI_FlowDown_CreateRequest_AddResponse_Test</td>
<td><div><pre>java.lang.Throwable: Method CI_FlowDown_CreateRequest_AddResponse_Test.T27_add_responses_FlowDown_No_Case()[pri:0, instance:FlowDownTermsReview_Main_US.CI_FlowDown_CreateRequest_AddResponse_Test@5cb9f472] depends on not successfully finished methods
	at java.util.concurrent.FutureTask.run(Unknown Source)
	at java.util.concurrent.ThreadPoolExecutor.runWorker(Unknown Source)
	at java.util.concurrent.ThreadPoolExecutor$Worker.run(Unknown Source)
	at java.lang.Thread.run(Unknown Source)
... Removed 9 stack frames</pre></div><a href='#' onClick='toggleBox("stack-trace911793321", this, "Click to show all stack frames", "Click to hide stack frames")'>Click to show all stack frames</a>
<div class='stack-trace' id='stack-trace911793321'><pre>java.lang.Throwable: Method CI_FlowDown_CreateRequest_AddResponse_Test.T27_add_responses_FlowDown_No_Case()[pri:0, instance:FlowDownTermsReview_Main_US.CI_FlowDown_CreateRequest_AddResponse_Test@5cb9f472] depends on not successfully finished methods
	at org.testng.internal.Invoker.invokeTestMethods(Invoker.java:1068)
	at org.testng.internal.TestMethodWorker.invokeTestMethods(TestMethodWorker.java:129)
	at org.testng.internal.TestMethodWorker.run(TestMethodWorker.java:112)
	at org.testng.TestRunner.privateRun(TestRunner.java:756)
	at org.testng.TestRunner.run(TestRunner.java:610)
	at org.testng.SuiteRunner.runTest(SuiteRunner.java:387)
	at org.testng.SuiteRunner.access$000(SuiteRunner.java:39)
	at org.testng.SuiteRunner$SuiteWorker.run(SuiteRunner.java:421)
	at org.testng.internal.thread.ThreadUtil$2.call(ThreadUtil.java:64)
	at java.util.concurrent.FutureTask.run(Unknown Source)
	at java.util.concurrent.ThreadPoolExecutor.runWorker(Unknown Source)
	at java.util.concurrent.ThreadPoolExecutor$Worker.run(Unknown Source)
	at java.lang.Thread.run(Unknown Source)
</pre></div></td>
<td>0</td>
<td>null</td></tr>
<tr>
<td title='FlowDownTermsReview_Main_US.CI_FlowDown_CreateRequest_AddResponse_Test.T28_SubmitResponses_FlowDown_No_Case()'><b>T28_SubmitResponses_FlowDown_No_Case</b><br>Test class: FlowDownTermsReview_Main_US.CI_FlowDown_CreateRequest_AddResponse_Test</td>
<td><div><pre>java.lang.Throwable: Method CI_FlowDown_CreateRequest_AddResponse_Test.T28_SubmitResponses_FlowDown_No_Case()[pri:0, instance:FlowDownTermsReview_Main_US.CI_FlowDown_CreateRequest_AddResponse_Test@5cb9f472] depends on not successfully finished methods
	at java.util.concurrent.FutureTask.run(Unknown Source)
	at java.util.concurrent.ThreadPoolExecutor.runWorker(Unknown Source)
	at java.util.concurrent.ThreadPoolExecutor$Worker.run(Unknown Source)
	at java.lang.Thread.run(Unknown Source)
... Removed 9 stack frames</pre></div><a href='#' onClick='toggleBox("stack-trace280734984", this, "Click to show all stack frames", "Click to hide stack frames")'>Click to show all stack frames</a>
<div class='stack-trace' id='stack-trace280734984'><pre>java.lang.Throwable: Method CI_FlowDown_CreateRequest_AddResponse_Test.T28_SubmitResponses_FlowDown_No_Case()[pri:0, instance:FlowDownTermsReview_Main_US.CI_FlowDown_CreateRequest_AddResponse_Test@5cb9f472] depends on not successfully finished methods
	at org.testng.internal.Invoker.invokeTestMethods(Invoker.java:1068)
	at org.testng.internal.TestMethodWorker.invokeTestMethods(TestMethodWorker.java:129)
	at org.testng.internal.TestMethodWorker.run(TestMethodWorker.java:112)
	at org.testng.TestRunner.privateRun(TestRunner.java:756)
	at org.testng.TestRunner.run(TestRunner.java:610)
	at org.testng.SuiteRunner.runTest(SuiteRunner.java:387)
	at org.testng.SuiteRunner.access$000(SuiteRunner.java:39)
	at org.testng.SuiteRunner$SuiteWorker.run(SuiteRunner.java:421)
	at org.testng.internal.thread.ThreadUtil$2.call(ThreadUtil.java:64)
	at java.util.concurrent.FutureTask.run(Unknown Source)
	at java.util.concurrent.ThreadPoolExecutor.runWorker(Unknown Source)
	at java.util.concurrent.ThreadPoolExecutor$Worker.run(Unknown Source)
	at java.lang.Thread.run(Unknown Source)
</pre></div></td>
<td>0</td>
<td>null</td></tr>
</table><p>
</body>
</html>